# JRE version: Java(TM) SE Runtime Environment 18.9 (11.0.12+8) (build 11.0.12+8-LTS-237)
# Java VM: Java HotSpot(TM) 64-Bit Server VM 18.9 (11.0.12+8-LTS-237, mixed mode, tiered, compressed oops, g1 gc, windows-amd64)
Heap:
 garbage-first heap   total 98304K, used 54012K [0x0000000080000000, 0x0000000100000000)
  region size 1024K, 10 young (10240K), 4 survivors (4096K)
 Metaspace       used 61989K, capacity 63650K, committed 63768K, reserved 1103872K
  class space    used 7827K, capacity 8482K, committed 8576K, reserved 1048576K
GC Heap History (10 events):
Event: 33.933 GC heap before
{Heap before GC invocations=13 (full 0):
 garbage-first heap   total 98304K, used 74381K [0x0000000080000000, 0x0000000100000000)
  region size 1024K, 47 young (48128K), 3 survivors (3072K)
 Metaspace       used 45320K, capacity 46457K, committed 46744K, reserved 1089536K
  class space    used 5808K, capacity 6281K, committed 6400K, reserved 1048576K
}
Event: 33.942 GC heap after
{Heap after GC invocations=14 (full 0):
 garbage-first heap   total 98304K, used 30681K [0x0000000080000000, 0x0000000100000000)
  region size 1024K, 5 young (5120K), 5 survivors (5120K)
 Metaspace       used 45320K, capacity 46457K, committed 46744K, reserved 1089536K
  class space    used 5808K, capacity 6281K, committed 6400K, reserved 1048576K
}
Event: 45.550 GC heap before
{Heap before GC invocations=14 (full 0):
 garbage-first heap   total 98304K, used 76761K [0x0000000080000000, 0x0000000100000000)
  region size 1024K, 48 young (49152K), 5 survivors (5120K)
 Metaspace       used 50092K, capacity 51464K, committed 51736K, reserved 1093632K
  class space    used 6393K, capacity 6940K, committed 7040K, reserved 1048576K
}
Event: 45.564 GC heap after
{Heap after GC invocations=15 (full 0):
 garbage-first heap   total 98304K, used 39395K [0x0000000080000000, 0x0000000100000000)
  region size 1024K, 6 young (6144K), 6 survivors (6144K)
 Metaspace       used 50092K, capacity 51464K, committed 51736K, reserved 1093632K
  class space    used 6393K, capacity 6940K, committed 7040K, reserved 1048576K
}
Event: 48.733 GC heap before
{Heap before GC invocations=15 (full 0):
 garbage-first heap   total 98304K, used 76259K [0x0000000080000000, 0x0000000100000000)
  region size 1024K, 43 young (44032K), 6 survivors (6144K)
 Metaspace       used 55356K, capacity 56824K, committed 56984K, reserved 1099776K
  class space    used 7017K, capacity 7596K, committed 7680K, reserved 1048576K
}
Event: 48.748 GC heap after
{Heap after GC invocations=16 (full 0):
 garbage-first heap   total 98304K, used 45730K [0x0000000080000000, 0x0000000100000000)
  region size 1024K, 6 young (6144K), 6 survivors (6144K)
 Metaspace       used 55356K, capacity 56824K, committed 56984K, reserved 1099776K
  class space    used 7017K, capacity 7596K, committed 7680K, reserved 1048576K
}
Event: 50.767 GC heap before
{Heap before GC invocations=16 (full 0):
 garbage-first heap   total 98304K, used 79522K [0x0000000080000000, 0x0000000100000000)
  region size 1024K, 38 young (38912K), 6 survivors (6144K)
 Metaspace       used 58601K, capacity 60135K, committed 60440K, reserved 1101824K
  class space    used 7418K, capacity 8004K, committed 8064K, reserved 1048576K
}
Event: 50.777 GC heap after
{Heap after GC invocations=17 (full 0):
 garbage-first heap   total 98304K, used 46742K [0x0000000080000000, 0x0000000100000000)
  region size 1024K, 4 young (4096K), 4 survivors (4096K)
 Metaspace       used 58601K, capacity 60135K, committed 60440K, reserved 1101824K
  class space    used 7418K, capacity 8004K, committed 8064K, reserved 1048576K
}
Event: 56.865 GC heap before
{Heap before GC invocations=17 (full 0):
 garbage-first heap   total 98304K, used 78486K [0x0000000080000000, 0x0000000100000000)
  region size 1024K, 35 young (35840K), 4 survivors (4096K)
 Metaspace       used 61897K, capacity 63616K, committed 63640K, reserved 1103872K
  class space    used 7820K, capacity 8448K, committed 8448K, reserved 1048576K
}
Event: 56.877 GC heap after
{Heap after GC invocations=18 (full 0):
 garbage-first heap   total 98304K, used 48892K [0x0000000080000000, 0x0000000100000000)
  region size 1024K, 4 young (4096K), 4 survivors (4096K)
 Metaspace       used 61897K, capacity 63616K, committed 63640K, reserved 1103872K
  class space    used 7820K, capacity 8448K, committed 8448K, reserved 1048576K
}

