# JRE version: Java(TM) SE Runtime Environment 18.9 (11.0.12+8) (build 11.0.12+8-LTS-237)
# Java VM: Java HotSpot(TM) 64-Bit Server VM 18.9 (11.0.12+8-LTS-237, mixed mode, tiered, compressed oops, g1 gc, windows-amd64)
Heap:
 garbage-first heap   total 118784K, used 51966K [0x0000000080000000, 0x0000000100000000)
  region size 1024K, 32 young (32768K), 6 survivors (6144K)
 Metaspace       used 41169K, capacity 42178K, committed 42368K, reserved 1085440K
  class space    used 5257K, capacity 5645K, committed 5760K, reserved 1048576K
GC Heap History (10 events):
Event: 6.220 GC heap before
{Heap before GC invocations=5 (full 0):
 garbage-first heap   total 98304K, used 16486K [0x0000000080000000, 0x0000000100000000)
  region size 1024K, 3 young (3072K), 2 survivors (2048K)
 Metaspace       used 20611K, capacity 21101K, committed 21248K, reserved 1067008K
  class space    used 2524K, capacity 2706K, committed 2816K, reserved 1048576K
}
Event: 6.225 GC heap after
{Heap after GC invocations=6 (full 0):
 garbage-first heap   total 118784K, used 16427K [0x0000000080000000, 0x0000000100000000)
  region size 1024K, 2 young (2048K), 2 survivors (2048K)
 Metaspace       used 20611K, capacity 21101K, committed 21248K, reserved 1067008K
  class space    used 2524K, capacity 2706K, committed 2816K, reserved 1048576K
}
Event: 8.007 GC heap before
{Heap before GC invocations=7 (full 0):
 garbage-first heap   total 118784K, used 56363K [0x0000000080000000, 0x0000000100000000)
  region size 1024K, 42 young (43008K), 2 survivors (2048K)
 Metaspace       used 25100K, capacity 25673K, committed 25856K, reserved 1071104K
  class space    used 3262K, capacity 3468K, committed 3584K, reserved 1048576K
}
Event: 8.014 GC heap after
{Heap after GC invocations=8 (full 0):
 garbage-first heap   total 118784K, used 18035K [0x0000000080000000, 0x0000000100000000)
  region size 1024K, 4 young (4096K), 4 survivors (4096K)
 Metaspace       used 25100K, capacity 25673K, committed 25856K, reserved 1071104K
  class space    used 3262K, capacity 3468K, committed 3584K, reserved 1048576K
}
Event: 10.369 GC heap before
{Heap before GC invocations=8 (full 0):
 garbage-first heap   total 118784K, used 63091K [0x0000000080000000, 0x0000000100000000)
  region size 1024K, 48 young (49152K), 4 survivors (4096K)
 Metaspace       used 31312K, capacity 32019K, committed 32256K, reserved 1077248K
  class space    used 4067K, capacity 4304K, committed 4352K, reserved 1048576K
}
Event: 10.383 GC heap after
{Heap after GC invocations=9 (full 0):
 garbage-first heap   total 118784K, used 20021K [0x0000000080000000, 0x0000000100000000)
  region size 1024K, 4 young (4096K), 4 survivors (4096K)
 Metaspace       used 31312K, capacity 32019K, committed 32256K, reserved 1077248K
  class space    used 4067K, capacity 4304K, committed 4352K, reserved 1048576K
}
Event: 11.338 GC heap before
{Heap before GC invocations=9 (full 0):
 garbage-first heap   total 118784K, used 41525K [0x0000000080000000, 0x0000000100000000)
  region size 1024K, 24 young (24576K), 4 survivors (4096K)
 Metaspace       used 35165K, capacity 35823K, committed 35840K, reserved 1081344K
  class space    used 4561K, capacity 4850K, committed 4864K, reserved 1048576K
}
Event: 11.363 GC heap after
{Heap after GC invocations=10 (full 0):
 garbage-first heap   total 118784K, used 24612K [0x0000000080000000, 0x0000000100000000)
  region size 1024K, 5 young (5120K), 5 survivors (5120K)
 Metaspace       used 35165K, capacity 35823K, committed 35840K, reserved 1081344K
  class space    used 4561K, capacity 4850K, committed 4864K, reserved 1048576K
}
Event: 24.142 GC heap before
{Heap before GC invocations=11 (full 0):
 garbage-first heap   total 118784K, used 68644K [0x0000000080000000, 0x0000000100000000)
  region size 1024K, 48 young (49152K), 5 survivors (5120K)
 Metaspace       used 38997K, capacity 39966K, committed 40320K, reserved 1083392K
  class space    used 5046K, capacity 5397K, committed 5504K, reserved 1048576K
}
Event: 24.158 GC heap after
{Heap after GC invocations=12 (full 0):
 garbage-first heap   total 118784K, used 26366K [0x0000000080000000, 0x0000000100000000)
  region size 1024K, 6 young (6144K), 6 survivors (6144K)
 Metaspace       used 38997K, capacity 39966K, committed 40320K, reserved 1083392K
  class space    used 5046K, capacity 5397K, committed 5504K, reserved 1048576K
}

